{
  "RSpec": {
    "coverage": {
      "/Users/Rob/dev/wdi/buggy-bus-app/app/helpers/application_helper.rb": [
        1,
        null
      ],
      "/Users/Rob/dev/wdi/buggy-bus-app/app/models/user.rb": [
        1,
        1,
        null,
        1,
        null,
        1,
        1,
        null
      ],
      "/Users/Rob/dev/wdi/buggy-bus-app/app/models/scraper.rb": [
        1,
        1,
        1,
        1,
        null,
        1,
        null,
        1,
        null,
        1,
        1,
        1,
        null,
        null,
        1,
        null,
        null,
        null,
        1,
        null,
        null,
        null,
        1,
        null,
        null,
        20,
        20,
        null,
        20,
        1,
        1,
        null,
        19,
        null,
        null,
        null,
        1,
        1,
        1,
        20,
        20,
        20,
        20,
        20,
        null,
        null,
        null,
        null,
        null,
        null,
        null,
        null,
        null,
        20,
        null,
        1,
        1,
        null,
        null,
        1,
        null,
        null,
        null,
        1,
        1,
        1,
        1,
        1,
        1,
        null,
        null,
        1,
        null,
        null,
        20,
        20,
        null,
        null,
        1,
        null,
        null,
        20,
        20,
        null,
        null,
        1,
        null,
        20,
        null,
        null,
        1,
        null,
        20,
        null,
        null,
        null,
        null,
        null,
        null,
        null,
        null,
        null,
        null,
        null,
        null,
        null,
        null,
        null,
        null,
        null,
        null,
        null,
        null,
        null,
        null,
        null,
        null,
        null,
        null,
        null,
        null,
        null,
        null,
        null,
        null,
        null,
        null,
        null,
        null,
        null,
        null,
        null,
        null,
        null,
        null,
        null,
        null,
        null,
        null,
        null,
        null,
        null,
        null,
        null,
        null,
        null,
        null,
        null,
        null,
        null,
        null,
        null,
        null,
        null,
        null,
        null,
        null,
        null,
        null,
        null,
        null,
        null,
        null,
        null,
        null,
        null,
        null,
        null,
        null,
        null,
        null
      ]
    },
    "timestamp": 1398814513
  },
  "Cucumber Features": {
    "coverage": {
      "/Users/Rob/dev/wdi/buggy-bus-app/app/helpers/application_helper.rb": [
        1,
        null
      ],
      "/Users/Rob/dev/wdi/buggy-bus-app/app/models/gotobus_scraper.rb": [
        1,
        1,
        1,
        null,
        1,
        null,
        1,
        null,
        1,
        1,
        1,
        null,
        null,
        1,
        null,
        null,
        null,
        null,
        null,
        0,
        null,
        null,
        0,
        null,
        null,
        1,
        0,
        0,
        null,
        null,
        null,
        1,
        null,
        null,
        null,
        1,
        1,
        1,
        7,
        7,
        7,
        7,
        7,
        null,
        null,
        null,
        null,
        null,
        null,
        null,
        null,
        null,
        null,
        7,
        null,
        1,
        null,
        null,
        1,
        null,
        null,
        null,
        1,
        1,
        1,
        1,
        1,
        1,
        null,
        null,
        1,
        null,
        null,
        7,
        7,
        null,
        null,
        1,
        null,
        null,
        7,
        7,
        null,
        null,
        1,
        null,
        7,
        null,
        null,
        1,
        null,
        7,
        null,
        null,
        1,
        null,
        null,
        7,
        7,
        null,
        7,
        1,
        1,
        null,
        6,
        null,
        null,
        null,
        null
      ],
      "/Users/Rob/dev/wdi/buggy-bus-app/app/models/megabus_scraper.rb": [
        1,
        1,
        1,
        null,
        1,
        null,
        1,
        null,
        1,
        1,
        1,
        null,
        null,
        1,
        null,
        null,
        null,
        null,
        null,
        null,
        0,
        null,
        null,
        null,
        null,
        null,
        0,
        null,
        null,
        1,
        0,
        0,
        null,
        null,
        null,
        1,
        1,
        1,
        1,
        null,
        null,
        1,
        1,
        1,
        null,
        null,
        475,
        null,
        null,
        null,
        null,
        19,
        null,
        19,
        19,
        null,
        null,
        null,
        null,
        19,
        19,
        null,
        19,
        19,
        null,
        19,
        19,
        null,
        19,
        19,
        null,
        19,
        19,
        null,
        19,
        null,
        null,
        null,
        null,
        null,
        null,
        null,
        null,
        null,
        null,
        19,
        null,
        1,
        null,
        null,
        1,
        null,
        null,
        19,
        19,
        19,
        5,
        5,
        null,
        14,
        null,
        null,
        null,
        null
      ],
      "/Users/Rob/dev/wdi/buggy-bus-app/app/models/user.rb": [
        1,
        1,
        null,
        1,
        null,
        1,
        1,
        null
      ],
      "/Users/Rob/dev/wdi/buggy-bus-app/app/models/schedule.rb": [
        1,
        1,
        1,
        0,
        null,
        null
      ]
    },
    "timestamp": 1398957772
  }
}
