{
  "RSpec": {
    "coverage": {
      "/Users/Rob/dev/wdi/buggy-bus-app/app/helpers/application_helper.rb": [
        1,
        null
      ],
      "/Users/Rob/dev/wdi/buggy-bus-app/app/models/user.rb": [
        1,
        1,
        null,
        1,
        null,
        1,
        1,
        null
      ],
      "/Users/Rob/dev/wdi/buggy-bus-app/app/models/scraper.rb": [
        1,
        1,
        1,
        1,
        null,
        1,
        null,
        1,
        null,
        1,
        1,
        1,
        null,
        null,
        1,
        null,
        null,
        null,
        1,
        null,
        null,
        null,
        1,
        null,
        null,
        20,
        20,
        null,
        20,
        1,
        1,
        null,
        19,
        null,
        null,
        null,
        1,
        1,
        1,
        20,
        20,
        20,
        20,
        20,
        null,
        null,
        null,
        null,
        null,
        null,
        null,
        null,
        null,
        20,
        null,
        1,
        1,
        null,
        null,
        1,
        null,
        null,
        null,
        1,
        1,
        1,
        1,
        1,
        1,
        null,
        null,
        1,
        null,
        null,
        20,
        20,
        null,
        null,
        1,
        null,
        null,
        20,
        20,
        null,
        null,
        1,
        null,
        20,
        null,
        null,
        1,
        null,
        20,
        null,
        null,
        null,
        null,
        null,
        null,
        null,
        null,
        null,
        null,
        null,
        null,
        null,
        null,
        null,
        null,
        null,
        null,
        null,
        null,
        null,
        null,
        null,
        null,
        null,
        null,
        null,
        null,
        null,
        null,
        null,
        null,
        null,
        null,
        null,
        null,
        null,
        null,
        null,
        null,
        null,
        null,
        null,
        null,
        null,
        null,
        null,
        null,
        null,
        null,
        null,
        null,
        null,
        null,
        null,
        null,
        null,
        null,
        null,
        null,
        null,
        null,
        null,
        null,
        null,
        null,
        null,
        null,
        null,
        null,
        null,
        null,
        null,
        null,
        null,
        null,
        null,
        null
      ]
    },
    "timestamp": 1398814513
  },
  "Cucumber Features": {
    "coverage": {
      "/Users/Rob/dev/wdi/buggy-bus-app/app/helpers/application_helper.rb": [
        1,
        null
      ],
      "/Users/Rob/dev/wdi/buggy-bus-app/app/models/gotobus_scraper.rb": [
        null,
        1,
        1,
        null,
        null,
        1,
        null,
        1,
        null,
        1,
        1,
        1,
        null,
        null,
        1,
        null,
        null,
        null,
        1,
        null,
        null,
        null,
        1,
        null,
        null,
        3,
        3,
        null,
        3,
        1,
        1,
        null,
        2,
        null,
        null,
        null,
        1,
        1,
        1,
        3,
        3,
        3,
        3,
        3,
        null,
        null,
        null,
        null,
        null,
        null,
        null,
        null,
        null,
        3,
        null,
        1,
        1,
        null,
        null,
        1,
        null,
        null,
        null,
        1,
        1,
        1,
        1,
        1,
        1,
        null,
        null,
        1,
        null,
        null,
        3,
        3,
        null,
        null,
        1,
        null,
        null,
        3,
        3,
        null,
        null,
        1,
        null,
        3,
        null,
        null,
        1,
        null,
        3,
        null,
        null,
        null,
        null,
        null,
        null,
        null,
        null,
        null,
        null,
        null,
        null,
        null,
        null,
        null,
        null,
        null,
        null,
        null,
        null,
        null,
        null,
        null,
        null,
        null,
        null,
        null,
        null,
        null,
        null,
        null,
        null,
        null,
        null,
        null,
        null,
        null,
        null,
        null,
        null,
        null,
        null,
        null,
        null,
        null,
        null,
        null,
        null,
        null,
        null,
        null,
        null,
        null,
        null,
        null,
        null,
        null,
        null,
        null,
        null,
        null,
        null,
        null,
        null,
        null,
        null,
        null,
        null,
        null,
        null,
        null,
        null,
        null,
        null,
        null,
        null,
        null,
        null
      ],
      "/Users/Rob/dev/wdi/buggy-bus-app/app/models/megabus_scraper.rb": [
        null,
        1,
        1,
        null,
        null,
        1,
        null,
        1,
        null,
        1,
        1,
        null,
        null,
        1,
        1,
        1,
        1,
        null,
        1,
        null,
        null,
        250,
        null,
        null,
        null,
        null,
        10,
        null,
        10,
        10,
        null,
        null,
        null,
        null,
        null,
        null,
        null,
        null,
        10,
        10,
        null,
        10,
        10,
        null,
        10,
        10,
        null,
        10,
        10,
        null,
        10,
        10,
        null,
        10,
        null,
        null,
        null,
        null,
        null,
        null,
        null,
        null,
        null,
        null,
        10,
        null,
        1,
        1,
        null,
        null,
        1,
        null,
        null,
        10,
        10,
        10,
        2,
        2,
        null,
        8,
        null,
        null,
        null
      ],
      "/Users/Rob/dev/wdi/buggy-bus-app/app/models/user.rb": [
        1,
        1,
        null,
        1,
        null,
        1,
        1,
        null
      ]
    },
    "timestamp": 1398895608
  }
}
